The system is: Linux - 3.10.0-327.el7.x86_64 - x86_64
Compiling the CXX compiler identification source file "CMakeCXXCompilerId.cpp" succeeded.
Compiler: /usr/local/gcc-4.9.4/bin/c++ 
Build flags: 
Id flags: 

The output was:
0


Compilation of the CXX compiler identification source "CMakeCXXCompilerId.cpp" produced "a.out"

The CXX compiler identification is GNU, found in "/home/haolin/Desktop/sqlite-fall2017/build/CMakeFiles/2.8.12.2/CompilerIdCXX/a.out"

Compiling the C compiler identification source file "CMakeCCompilerId.c" succeeded.
Compiler: /usr/local/gcc-4.9.4/bin/gcc 
Build flags: 
Id flags: 

The output was:
0


Compilation of the C compiler identification source "CMakeCCompilerId.c" produced "a.out"

The C compiler identification is GNU, found in "/home/haolin/Desktop/sqlite-fall2017/build/CMakeFiles/2.8.12.2/CompilerIdC/a.out"

Determining if the CXX compiler works passed with the following output:
Change Dir: /home/haolin/Desktop/sqlite-fall2017/build/CMakeFiles/CMakeTmp

Run Build Command:/usr/bin/gmake "cmTryCompileExec2336995050/fast"
/usr/bin/gmake -f CMakeFiles/cmTryCompileExec2336995050.dir/build.make CMakeFiles/cmTryCompileExec2336995050.dir/build
gmake[1]: Entering directory `/home/haolin/Desktop/sqlite-fall2017/build/CMakeFiles/CMakeTmp'
/usr/bin/cmake -E cmake_progress_report /home/haolin/Desktop/sqlite-fall2017/build/CMakeFiles/CMakeTmp/CMakeFiles 1
Building CXX object CMakeFiles/cmTryCompileExec2336995050.dir/testCXXCompiler.cxx.o
/usr/local/gcc-4.9.4/bin/c++     -o CMakeFiles/cmTryCompileExec2336995050.dir/testCXXCompiler.cxx.o -c /home/haolin/Desktop/sqlite-fall2017/build/CMakeFiles/CMakeTmp/testCXXCompiler.cxx
Linking CXX executable cmTryCompileExec2336995050
/usr/bin/cmake -E cmake_link_script CMakeFiles/cmTryCompileExec2336995050.dir/link.txt --verbose=1
/usr/local/gcc-4.9.4/bin/c++        CMakeFiles/cmTryCompileExec2336995050.dir/testCXXCompiler.cxx.o  -o cmTryCompileExec2336995050 -rdynamic 
gmake[1]: Leaving directory `/home/haolin/Desktop/sqlite-fall2017/build/CMakeFiles/CMakeTmp'


Detecting CXX compiler ABI info compiled with the following output:
Change Dir: /home/haolin/Desktop/sqlite-fall2017/build/CMakeFiles/CMakeTmp

Run Build Command:/usr/bin/gmake "cmTryCompileExec2984669019/fast"
/usr/bin/gmake -f CMakeFiles/cmTryCompileExec2984669019.dir/build.make CMakeFiles/cmTryCompileExec2984669019.dir/build
gmake[1]: Entering directory `/home/haolin/Desktop/sqlite-fall2017/build/CMakeFiles/CMakeTmp'
/usr/bin/cmake -E cmake_progress_report /home/haolin/Desktop/sqlite-fall2017/build/CMakeFiles/CMakeTmp/CMakeFiles 1
Building CXX object CMakeFiles/cmTryCompileExec2984669019.dir/CMakeCXXCompilerABI.cpp.o
/usr/local/gcc-4.9.4/bin/c++     -o CMakeFiles/cmTryCompileExec2984669019.dir/CMakeCXXCompilerABI.cpp.o -c /usr/share/cmake/Modules/CMakeCXXCompilerABI.cpp
Linking CXX executable cmTryCompileExec2984669019
/usr/bin/cmake -E cmake_link_script CMakeFiles/cmTryCompileExec2984669019.dir/link.txt --verbose=1
/usr/local/gcc-4.9.4/bin/c++      -v CMakeFiles/cmTryCompileExec2984669019.dir/CMakeCXXCompilerABI.cpp.o  -o cmTryCompileExec2984669019 -rdynamic  
Using built-in specs.
COLLECT_GCC=/usr/local/gcc-4.9.4/bin/c++
COLLECT_LTO_WRAPPER=/usr/local/gcc-4.9.4/libexec/gcc/x86_64-unknown-linux-gnu/4.9.4/lto-wrapper
Target: x86_64-unknown-linux-gnu
Configured with: ../gcc-4.9.4/configure --prefix=/usr/local/gcc-4.9.4 --enable-stage1-checking=release --enable-stage1-languages=c,c++,go --disable-multilib
Thread model: posix
gcc version 4.9.4 (GCC) 
COMPILER_PATH=/usr/local/gcc-4.9.4/libexec/gcc/x86_64-unknown-linux-gnu/4.9.4/:/usr/local/gcc-4.9.4/libexec/gcc/x86_64-unknown-linux-gnu/4.9.4/:/usr/local/gcc-4.9.4/libexec/gcc/x86_64-unknown-linux-gnu/:/usr/local/gcc-4.9.4/lib/gcc/x86_64-unknown-linux-gnu/4.9.4/:/usr/local/gcc-4.9.4/lib/gcc/x86_64-unknown-linux-gnu/
LIBRARY_PATH=/usr/local/gcc-4.9.4/lib/gcc/x86_64-unknown-linux-gnu/4.9.4/:/usr/local/gcc-4.9.4/lib/gcc/x86_64-unknown-linux-gnu/4.9.4/../../../../lib64/:/lib/../lib64/:/usr/lib/../lib64/:/usr/local/gcc-4.9.4/lib/gcc/x86_64-unknown-linux-gnu/4.9.4/../../../:/lib/:/usr/lib/
COLLECT_GCC_OPTIONS='-v' '-o' 'cmTryCompileExec2984669019' '-rdynamic' '-shared-libgcc' '-mtune=generic' '-march=x86-64'
 /usr/local/gcc-4.9.4/libexec/gcc/x86_64-unknown-linux-gnu/4.9.4/collect2 -plugin /usr/local/gcc-4.9.4/libexec/gcc/x86_64-unknown-linux-gnu/4.9.4/liblto_plugin.so -plugin-opt=/usr/local/gcc-4.9.4/libexec/gcc/x86_64-unknown-linux-gnu/4.9.4/lto-wrapper -plugin-opt=-fresolution=/tmp/ccW96qLT.res -plugin-opt=-pass-through=-lgcc_s -plugin-opt=-pass-through=-lgcc -plugin-opt=-pass-through=-lc -plugin-opt=-pass-through=-lgcc_s -plugin-opt=-pass-through=-lgcc --eh-frame-hdr -m elf_x86_64 -export-dynamic -dynamic-linker /lib64/ld-linux-x86-64.so.2 -o cmTryCompileExec2984669019 /lib/../lib64/crt1.o /lib/../lib64/crti.o /usr/local/gcc-4.9.4/lib/gcc/x86_64-unknown-linux-gnu/4.9.4/crtbegin.o -L/usr/local/gcc-4.9.4/lib/gcc/x86_64-unknown-linux-gnu/4.9.4 -L/usr/local/gcc-4.9.4/lib/gcc/x86_64-unknown-linux-gnu/4.9.4/../../../../lib64 -L/lib/../lib64 -L/usr/lib/../lib64 -L/usr/local/gcc-4.9.4/lib/gcc/x86_64-unknown-linux-gnu/4.9.4/../../.. CMakeFiles/cmTryCompileExec2984669019.dir/CMakeCXXCompilerABI.cpp.o -lstdc++ -lm -lgcc_s -lgcc -lc -lgcc_s -lgcc /usr/local/gcc-4.9.4/lib/gcc/x86_64-unknown-linux-gnu/4.9.4/crtend.o /lib/../lib64/crtn.o
gmake[1]: Leaving directory `/home/haolin/Desktop/sqlite-fall2017/build/CMakeFiles/CMakeTmp'


Parsed CXX implicit link information from above output:
  link line regex: [^( *|.*[/\])(ld|([^/\]+-)?ld|collect2)[^/\]*( |$)]
  ignore line: [Change Dir: /home/haolin/Desktop/sqlite-fall2017/build/CMakeFiles/CMakeTmp]
  ignore line: []
  ignore line: [Run Build Command:/usr/bin/gmake "cmTryCompileExec2984669019/fast"]
  ignore line: [/usr/bin/gmake -f CMakeFiles/cmTryCompileExec2984669019.dir/build.make CMakeFiles/cmTryCompileExec2984669019.dir/build]
  ignore line: [gmake[1]: Entering directory `/home/haolin/Desktop/sqlite-fall2017/build/CMakeFiles/CMakeTmp']
  ignore line: [/usr/bin/cmake -E cmake_progress_report /home/haolin/Desktop/sqlite-fall2017/build/CMakeFiles/CMakeTmp/CMakeFiles 1]
  ignore line: [Building CXX object CMakeFiles/cmTryCompileExec2984669019.dir/CMakeCXXCompilerABI.cpp.o]
  ignore line: [/usr/local/gcc-4.9.4/bin/c++     -o CMakeFiles/cmTryCompileExec2984669019.dir/CMakeCXXCompilerABI.cpp.o -c /usr/share/cmake/Modules/CMakeCXXCompilerABI.cpp]
  ignore line: [Linking CXX executable cmTryCompileExec2984669019]
  ignore line: [/usr/bin/cmake -E cmake_link_script CMakeFiles/cmTryCompileExec2984669019.dir/link.txt --verbose=1]
  ignore line: [/usr/local/gcc-4.9.4/bin/c++      -v CMakeFiles/cmTryCompileExec2984669019.dir/CMakeCXXCompilerABI.cpp.o  -o cmTryCompileExec2984669019 -rdynamic  ]
  ignore line: [Using built-in specs.]
  ignore line: [COLLECT_GCC=/usr/local/gcc-4.9.4/bin/c++]
  ignore line: [COLLECT_LTO_WRAPPER=/usr/local/gcc-4.9.4/libexec/gcc/x86_64-unknown-linux-gnu/4.9.4/lto-wrapper]
  ignore line: [Target: x86_64-unknown-linux-gnu]
  ignore line: [Configured with: ../gcc-4.9.4/configure --prefix=/usr/local/gcc-4.9.4 --enable-stage1-checking=release --enable-stage1-languages=c,c++,go --disable-multilib]
  ignore line: [Thread model: posix]
  ignore line: [gcc version 4.9.4 (GCC) ]
  ignore line: [COMPILER_PATH=/usr/local/gcc-4.9.4/libexec/gcc/x86_64-unknown-linux-gnu/4.9.4/:/usr/local/gcc-4.9.4/libexec/gcc/x86_64-unknown-linux-gnu/4.9.4/:/usr/local/gcc-4.9.4/libexec/gcc/x86_64-unknown-linux-gnu/:/usr/local/gcc-4.9.4/lib/gcc/x86_64-unknown-linux-gnu/4.9.4/:/usr/local/gcc-4.9.4/lib/gcc/x86_64-unknown-linux-gnu/]
  ignore line: [LIBRARY_PATH=/usr/local/gcc-4.9.4/lib/gcc/x86_64-unknown-linux-gnu/4.9.4/:/usr/local/gcc-4.9.4/lib/gcc/x86_64-unknown-linux-gnu/4.9.4/../../../../lib64/:/lib/../lib64/:/usr/lib/../lib64/:/usr/local/gcc-4.9.4/lib/gcc/x86_64-unknown-linux-gnu/4.9.4/../../../:/lib/:/usr/lib/]
  ignore line: [COLLECT_GCC_OPTIONS='-v' '-o' 'cmTryCompileExec2984669019' '-rdynamic' '-shared-libgcc' '-mtune=generic' '-march=x86-64']
  link line: [ /usr/local/gcc-4.9.4/libexec/gcc/x86_64-unknown-linux-gnu/4.9.4/collect2 -plugin /usr/local/gcc-4.9.4/libexec/gcc/x86_64-unknown-linux-gnu/4.9.4/liblto_plugin.so -plugin-opt=/usr/local/gcc-4.9.4/libexec/gcc/x86_64-unknown-linux-gnu/4.9.4/lto-wrapper -plugin-opt=-fresolution=/tmp/ccW96qLT.res -plugin-opt=-pass-through=-lgcc_s -plugin-opt=-pass-through=-lgcc -plugin-opt=-pass-through=-lc -plugin-opt=-pass-through=-lgcc_s -plugin-opt=-pass-through=-lgcc --eh-frame-hdr -m elf_x86_64 -export-dynamic -dynamic-linker /lib64/ld-linux-x86-64.so.2 -o cmTryCompileExec2984669019 /lib/../lib64/crt1.o /lib/../lib64/crti.o /usr/local/gcc-4.9.4/lib/gcc/x86_64-unknown-linux-gnu/4.9.4/crtbegin.o -L/usr/local/gcc-4.9.4/lib/gcc/x86_64-unknown-linux-gnu/4.9.4 -L/usr/local/gcc-4.9.4/lib/gcc/x86_64-unknown-linux-gnu/4.9.4/../../../../lib64 -L/lib/../lib64 -L/usr/lib/../lib64 -L/usr/local/gcc-4.9.4/lib/gcc/x86_64-unknown-linux-gnu/4.9.4/../../.. CMakeFiles/cmTryCompileExec2984669019.dir/CMakeCXXCompilerABI.cpp.o -lstdc++ -lm -lgcc_s -lgcc -lc -lgcc_s -lgcc /usr/local/gcc-4.9.4/lib/gcc/x86_64-unknown-linux-gnu/4.9.4/crtend.o /lib/../lib64/crtn.o]
    arg [/usr/local/gcc-4.9.4/libexec/gcc/x86_64-unknown-linux-gnu/4.9.4/collect2] ==> ignore
    arg [-plugin] ==> ignore
    arg [/usr/local/gcc-4.9.4/libexec/gcc/x86_64-unknown-linux-gnu/4.9.4/liblto_plugin.so] ==> ignore
    arg [-plugin-opt=/usr/local/gcc-4.9.4/libexec/gcc/x86_64-unknown-linux-gnu/4.9.4/lto-wrapper] ==> ignore
    arg [-plugin-opt=-fresolution=/tmp/ccW96qLT.res] ==> ignore
    arg [-plugin-opt=-pass-through=-lgcc_s] ==> ignore
    arg [-plugin-opt=-pass-through=-lgcc] ==> ignore
    arg [-plugin-opt=-pass-through=-lc] ==> ignore
    arg [-plugin-opt=-pass-through=-lgcc_s] ==> ignore
    arg [-plugin-opt=-pass-through=-lgcc] ==> ignore
    arg [--eh-frame-hdr] ==> ignore
    arg [-m] ==> ignore
    arg [elf_x86_64] ==> ignore
    arg [-export-dynamic] ==> ignore
    arg [-dynamic-linker] ==> ignore
    arg [/lib64/ld-linux-x86-64.so.2] ==> ignore
    arg [-o] ==> ignore
    arg [cmTryCompileExec2984669019] ==> ignore
    arg [/lib/../lib64/crt1.o] ==> ignore
    arg [/lib/../lib64/crti.o] ==> ignore
    arg [/usr/local/gcc-4.9.4/lib/gcc/x86_64-unknown-linux-gnu/4.9.4/crtbegin.o] ==> ignore
    arg [-L/usr/local/gcc-4.9.4/lib/gcc/x86_64-unknown-linux-gnu/4.9.4] ==> dir [/usr/local/gcc-4.9.4/lib/gcc/x86_64-unknown-linux-gnu/4.9.4]
    arg [-L/usr/local/gcc-4.9.4/lib/gcc/x86_64-unknown-linux-gnu/4.9.4/../../../../lib64] ==> dir [/usr/local/gcc-4.9.4/lib/gcc/x86_64-unknown-linux-gnu/4.9.4/../../../../lib64]
    arg [-L/lib/../lib64] ==> dir [/lib/../lib64]
    arg [-L/usr/lib/../lib64] ==> dir [/usr/lib/../lib64]
    arg [-L/usr/local/gcc-4.9.4/lib/gcc/x86_64-unknown-linux-gnu/4.9.4/../../..] ==> dir [/usr/local/gcc-4.9.4/lib/gcc/x86_64-unknown-linux-gnu/4.9.4/../../..]
    arg [CMakeFiles/cmTryCompileExec2984669019.dir/CMakeCXXCompilerABI.cpp.o] ==> ignore
    arg [-lstdc++] ==> lib [stdc++]
    arg [-lm] ==> lib [m]
    arg [-lgcc_s] ==> lib [gcc_s]
    arg [-lgcc] ==> lib [gcc]
    arg [-lc] ==> lib [c]
    arg [-lgcc_s] ==> lib [gcc_s]
    arg [-lgcc] ==> lib [gcc]
    arg [/usr/local/gcc-4.9.4/lib/gcc/x86_64-unknown-linux-gnu/4.9.4/crtend.o] ==> ignore
    arg [/lib/../lib64/crtn.o] ==> ignore
  remove lib [gcc_s]
  remove lib [gcc]
  remove lib [gcc_s]
  remove lib [gcc]
  collapse library dir [/usr/local/gcc-4.9.4/lib/gcc/x86_64-unknown-linux-gnu/4.9.4] ==> [/usr/local/gcc-4.9.4/lib/gcc/x86_64-unknown-linux-gnu/4.9.4]
  collapse library dir [/usr/local/gcc-4.9.4/lib/gcc/x86_64-unknown-linux-gnu/4.9.4/../../../../lib64] ==> [/usr/local/gcc-4.9.4/lib64]
  collapse library dir [/lib/../lib64] ==> [/lib64]
  collapse library dir [/usr/lib/../lib64] ==> [/usr/lib64]
  collapse library dir [/usr/local/gcc-4.9.4/lib/gcc/x86_64-unknown-linux-gnu/4.9.4/../../..] ==> [/usr/local/gcc-4.9.4/lib]
  implicit libs: [stdc++;m;c]
  implicit dirs: [/usr/local/gcc-4.9.4/lib/gcc/x86_64-unknown-linux-gnu/4.9.4;/usr/local/gcc-4.9.4/lib64;/lib64;/usr/lib64;/usr/local/gcc-4.9.4/lib]
  implicit fwks: []


Determining if the C compiler works passed with the following output:
Change Dir: /home/haolin/Desktop/sqlite-fall2017/build/CMakeFiles/CMakeTmp

Run Build Command:/usr/bin/gmake "cmTryCompileExec1399625952/fast"
/usr/bin/gmake -f CMakeFiles/cmTryCompileExec1399625952.dir/build.make CMakeFiles/cmTryCompileExec1399625952.dir/build
gmake[1]: Entering directory `/home/haolin/Desktop/sqlite-fall2017/build/CMakeFiles/CMakeTmp'
/usr/bin/cmake -E cmake_progress_report /home/haolin/Desktop/sqlite-fall2017/build/CMakeFiles/CMakeTmp/CMakeFiles 1
Building C object CMakeFiles/cmTryCompileExec1399625952.dir/testCCompiler.c.o
/usr/local/gcc-4.9.4/bin/gcc    -o CMakeFiles/cmTryCompileExec1399625952.dir/testCCompiler.c.o   -c /home/haolin/Desktop/sqlite-fall2017/build/CMakeFiles/CMakeTmp/testCCompiler.c
Linking C executable cmTryCompileExec1399625952
/usr/bin/cmake -E cmake_link_script CMakeFiles/cmTryCompileExec1399625952.dir/link.txt --verbose=1
/usr/local/gcc-4.9.4/bin/gcc       CMakeFiles/cmTryCompileExec1399625952.dir/testCCompiler.c.o  -o cmTryCompileExec1399625952 -rdynamic 
gmake[1]: Leaving directory `/home/haolin/Desktop/sqlite-fall2017/build/CMakeFiles/CMakeTmp'


Detecting C compiler ABI info compiled with the following output:
Change Dir: /home/haolin/Desktop/sqlite-fall2017/build/CMakeFiles/CMakeTmp

Run Build Command:/usr/bin/gmake "cmTryCompileExec172829472/fast"
/usr/bin/gmake -f CMakeFiles/cmTryCompileExec172829472.dir/build.make CMakeFiles/cmTryCompileExec172829472.dir/build
gmake[1]: Entering directory `/home/haolin/Desktop/sqlite-fall2017/build/CMakeFiles/CMakeTmp'
/usr/bin/cmake -E cmake_progress_report /home/haolin/Desktop/sqlite-fall2017/build/CMakeFiles/CMakeTmp/CMakeFiles 1
Building C object CMakeFiles/cmTryCompileExec172829472.dir/CMakeCCompilerABI.c.o
/usr/local/gcc-4.9.4/bin/gcc    -o CMakeFiles/cmTryCompileExec172829472.dir/CMakeCCompilerABI.c.o   -c /usr/share/cmake/Modules/CMakeCCompilerABI.c
Linking C executable cmTryCompileExec172829472
/usr/bin/cmake -E cmake_link_script CMakeFiles/cmTryCompileExec172829472.dir/link.txt --verbose=1
/usr/local/gcc-4.9.4/bin/gcc     -v CMakeFiles/cmTryCompileExec172829472.dir/CMakeCCompilerABI.c.o  -o cmTryCompileExec172829472 -rdynamic  
Using built-in specs.
COLLECT_GCC=/usr/local/gcc-4.9.4/bin/gcc
COLLECT_LTO_WRAPPER=/usr/local/gcc-4.9.4/libexec/gcc/x86_64-unknown-linux-gnu/4.9.4/lto-wrapper
Target: x86_64-unknown-linux-gnu
Configured with: ../gcc-4.9.4/configure --prefix=/usr/local/gcc-4.9.4 --enable-stage1-checking=release --enable-stage1-languages=c,c++,go --disable-multilib
Thread model: posix
gcc version 4.9.4 (GCC) 
COMPILER_PATH=/usr/local/gcc-4.9.4/libexec/gcc/x86_64-unknown-linux-gnu/4.9.4/:/usr/local/gcc-4.9.4/libexec/gcc/x86_64-unknown-linux-gnu/4.9.4/:/usr/local/gcc-4.9.4/libexec/gcc/x86_64-unknown-linux-gnu/:/usr/local/gcc-4.9.4/lib/gcc/x86_64-unknown-linux-gnu/4.9.4/:/usr/local/gcc-4.9.4/lib/gcc/x86_64-unknown-linux-gnu/
LIBRARY_PATH=/usr/local/gcc-4.9.4/lib/gcc/x86_64-unknown-linux-gnu/4.9.4/:/usr/local/gcc-4.9.4/lib/gcc/x86_64-unknown-linux-gnu/4.9.4/../../../../lib64/:/lib/../lib64/:/usr/lib/../lib64/:/usr/local/gcc-4.9.4/lib/gcc/x86_64-unknown-linux-gnu/4.9.4/../../../:/lib/:/usr/lib/
COLLECT_GCC_OPTIONS='-v' '-o' 'cmTryCompileExec172829472' '-rdynamic' '-mtune=generic' '-march=x86-64'
 /usr/local/gcc-4.9.4/libexec/gcc/x86_64-unknown-linux-gnu/4.9.4/collect2 -plugin /usr/local/gcc-4.9.4/libexec/gcc/x86_64-unknown-linux-gnu/4.9.4/liblto_plugin.so -plugin-opt=/usr/local/gcc-4.9.4/libexec/gcc/x86_64-unknown-linux-gnu/4.9.4/lto-wrapper -plugin-opt=-fresolution=/tmp/ccy6iNaQ.res -plugin-opt=-pass-through=-lgcc -plugin-opt=-pass-through=-lgcc_s -plugin-opt=-pass-through=-lc -plugin-opt=-pass-through=-lgcc -plugin-opt=-pass-through=-lgcc_s --eh-frame-hdr -m elf_x86_64 -export-dynamic -dynamic-linker /lib64/ld-linux-x86-64.so.2 -o cmTryCompileExec172829472 /lib/../lib64/crt1.o /lib/../lib64/crti.o /usr/local/gcc-4.9.4/lib/gcc/x86_64-unknown-linux-gnu/4.9.4/crtbegin.o -L/usr/local/gcc-4.9.4/lib/gcc/x86_64-unknown-linux-gnu/4.9.4 -L/usr/local/gcc-4.9.4/lib/gcc/x86_64-unknown-linux-gnu/4.9.4/../../../../lib64 -L/lib/../lib64 -L/usr/lib/../lib64 -L/usr/local/gcc-4.9.4/lib/gcc/x86_64-unknown-linux-gnu/4.9.4/../../.. CMakeFiles/cmTryCompileExec172829472.dir/CMakeCCompilerABI.c.o -lgcc --as-needed -lgcc_s --no-as-needed -lc -lgcc --as-needed -lgcc_s --no-as-needed /usr/local/gcc-4.9.4/lib/gcc/x86_64-unknown-linux-gnu/4.9.4/crtend.o /lib/../lib64/crtn.o
gmake[1]: Leaving directory `/home/haolin/Desktop/sqlite-fall2017/build/CMakeFiles/CMakeTmp'


Parsed C implicit link information from above output:
  link line regex: [^( *|.*[/\])(ld|([^/\]+-)?ld|collect2)[^/\]*( |$)]
  ignore line: [Change Dir: /home/haolin/Desktop/sqlite-fall2017/build/CMakeFiles/CMakeTmp]
  ignore line: []
  ignore line: [Run Build Command:/usr/bin/gmake "cmTryCompileExec172829472/fast"]
  ignore line: [/usr/bin/gmake -f CMakeFiles/cmTryCompileExec172829472.dir/build.make CMakeFiles/cmTryCompileExec172829472.dir/build]
  ignore line: [gmake[1]: Entering directory `/home/haolin/Desktop/sqlite-fall2017/build/CMakeFiles/CMakeTmp']
  ignore line: [/usr/bin/cmake -E cmake_progress_report /home/haolin/Desktop/sqlite-fall2017/build/CMakeFiles/CMakeTmp/CMakeFiles 1]
  ignore line: [Building C object CMakeFiles/cmTryCompileExec172829472.dir/CMakeCCompilerABI.c.o]
  ignore line: [/usr/local/gcc-4.9.4/bin/gcc    -o CMakeFiles/cmTryCompileExec172829472.dir/CMakeCCompilerABI.c.o   -c /usr/share/cmake/Modules/CMakeCCompilerABI.c]
  ignore line: [Linking C executable cmTryCompileExec172829472]
  ignore line: [/usr/bin/cmake -E cmake_link_script CMakeFiles/cmTryCompileExec172829472.dir/link.txt --verbose=1]
  ignore line: [/usr/local/gcc-4.9.4/bin/gcc     -v CMakeFiles/cmTryCompileExec172829472.dir/CMakeCCompilerABI.c.o  -o cmTryCompileExec172829472 -rdynamic  ]
  ignore line: [Using built-in specs.]
  ignore line: [COLLECT_GCC=/usr/local/gcc-4.9.4/bin/gcc]
  ignore line: [COLLECT_LTO_WRAPPER=/usr/local/gcc-4.9.4/libexec/gcc/x86_64-unknown-linux-gnu/4.9.4/lto-wrapper]
  ignore line: [Target: x86_64-unknown-linux-gnu]
  ignore line: [Configured with: ../gcc-4.9.4/configure --prefix=/usr/local/gcc-4.9.4 --enable-stage1-checking=release --enable-stage1-languages=c,c++,go --disable-multilib]
  ignore line: [Thread model: posix]
  ignore line: [gcc version 4.9.4 (GCC) ]
  ignore line: [COMPILER_PATH=/usr/local/gcc-4.9.4/libexec/gcc/x86_64-unknown-linux-gnu/4.9.4/:/usr/local/gcc-4.9.4/libexec/gcc/x86_64-unknown-linux-gnu/4.9.4/:/usr/local/gcc-4.9.4/libexec/gcc/x86_64-unknown-linux-gnu/:/usr/local/gcc-4.9.4/lib/gcc/x86_64-unknown-linux-gnu/4.9.4/:/usr/local/gcc-4.9.4/lib/gcc/x86_64-unknown-linux-gnu/]
  ignore line: [LIBRARY_PATH=/usr/local/gcc-4.9.4/lib/gcc/x86_64-unknown-linux-gnu/4.9.4/:/usr/local/gcc-4.9.4/lib/gcc/x86_64-unknown-linux-gnu/4.9.4/../../../../lib64/:/lib/../lib64/:/usr/lib/../lib64/:/usr/local/gcc-4.9.4/lib/gcc/x86_64-unknown-linux-gnu/4.9.4/../../../:/lib/:/usr/lib/]
  ignore line: [COLLECT_GCC_OPTIONS='-v' '-o' 'cmTryCompileExec172829472' '-rdynamic' '-mtune=generic' '-march=x86-64']
  link line: [ /usr/local/gcc-4.9.4/libexec/gcc/x86_64-unknown-linux-gnu/4.9.4/collect2 -plugin /usr/local/gcc-4.9.4/libexec/gcc/x86_64-unknown-linux-gnu/4.9.4/liblto_plugin.so -plugin-opt=/usr/local/gcc-4.9.4/libexec/gcc/x86_64-unknown-linux-gnu/4.9.4/lto-wrapper -plugin-opt=-fresolution=/tmp/ccy6iNaQ.res -plugin-opt=-pass-through=-lgcc -plugin-opt=-pass-through=-lgcc_s -plugin-opt=-pass-through=-lc -plugin-opt=-pass-through=-lgcc -plugin-opt=-pass-through=-lgcc_s --eh-frame-hdr -m elf_x86_64 -export-dynamic -dynamic-linker /lib64/ld-linux-x86-64.so.2 -o cmTryCompileExec172829472 /lib/../lib64/crt1.o /lib/../lib64/crti.o /usr/local/gcc-4.9.4/lib/gcc/x86_64-unknown-linux-gnu/4.9.4/crtbegin.o -L/usr/local/gcc-4.9.4/lib/gcc/x86_64-unknown-linux-gnu/4.9.4 -L/usr/local/gcc-4.9.4/lib/gcc/x86_64-unknown-linux-gnu/4.9.4/../../../../lib64 -L/lib/../lib64 -L/usr/lib/../lib64 -L/usr/local/gcc-4.9.4/lib/gcc/x86_64-unknown-linux-gnu/4.9.4/../../.. CMakeFiles/cmTryCompileExec172829472.dir/CMakeCCompilerABI.c.o -lgcc --as-needed -lgcc_s --no-as-needed -lc -lgcc --as-needed -lgcc_s --no-as-needed /usr/local/gcc-4.9.4/lib/gcc/x86_64-unknown-linux-gnu/4.9.4/crtend.o /lib/../lib64/crtn.o]
    arg [/usr/local/gcc-4.9.4/libexec/gcc/x86_64-unknown-linux-gnu/4.9.4/collect2] ==> ignore
    arg [-plugin] ==> ignore
    arg [/usr/local/gcc-4.9.4/libexec/gcc/x86_64-unknown-linux-gnu/4.9.4/liblto_plugin.so] ==> ignore
    arg [-plugin-opt=/usr/local/gcc-4.9.4/libexec/gcc/x86_64-unknown-linux-gnu/4.9.4/lto-wrapper] ==> ignore
    arg [-plugin-opt=-fresolution=/tmp/ccy6iNaQ.res] ==> ignore
    arg [-plugin-opt=-pass-through=-lgcc] ==> ignore
    arg [-plugin-opt=-pass-through=-lgcc_s] ==> ignore
    arg [-plugin-opt=-pass-through=-lc] ==> ignore
    arg [-plugin-opt=-pass-through=-lgcc] ==> ignore
    arg [-plugin-opt=-pass-through=-lgcc_s] ==> ignore
    arg [--eh-frame-hdr] ==> ignore
    arg [-m] ==> ignore
    arg [elf_x86_64] ==> ignore
    arg [-export-dynamic] ==> ignore
    arg [-dynamic-linker] ==> ignore
    arg [/lib64/ld-linux-x86-64.so.2] ==> ignore
    arg [-o] ==> ignore
    arg [cmTryCompileExec172829472] ==> ignore
    arg [/lib/../lib64/crt1.o] ==> ignore
    arg [/lib/../lib64/crti.o] ==> ignore
    arg [/usr/local/gcc-4.9.4/lib/gcc/x86_64-unknown-linux-gnu/4.9.4/crtbegin.o] ==> ignore
    arg [-L/usr/local/gcc-4.9.4/lib/gcc/x86_64-unknown-linux-gnu/4.9.4] ==> dir [/usr/local/gcc-4.9.4/lib/gcc/x86_64-unknown-linux-gnu/4.9.4]
    arg [-L/usr/local/gcc-4.9.4/lib/gcc/x86_64-unknown-linux-gnu/4.9.4/../../../../lib64] ==> dir [/usr/local/gcc-4.9.4/lib/gcc/x86_64-unknown-linux-gnu/4.9.4/../../../../lib64]
    arg [-L/lib/../lib64] ==> dir [/lib/../lib64]
    arg [-L/usr/lib/../lib64] ==> dir [/usr/lib/../lib64]
    arg [-L/usr/local/gcc-4.9.4/lib/gcc/x86_64-unknown-linux-gnu/4.9.4/../../..] ==> dir [/usr/local/gcc-4.9.4/lib/gcc/x86_64-unknown-linux-gnu/4.9.4/../../..]
    arg [CMakeFiles/cmTryCompileExec172829472.dir/CMakeCCompilerABI.c.o] ==> ignore
    arg [-lgcc] ==> lib [gcc]
    arg [--as-needed] ==> ignore
    arg [-lgcc_s] ==> lib [gcc_s]
    arg [--no-as-needed] ==> ignore
    arg [-lc] ==> lib [c]
    arg [-lgcc] ==> lib [gcc]
    arg [--as-needed] ==> ignore
    arg [-lgcc_s] ==> lib [gcc_s]
    arg [--no-as-needed] ==> ignore
    arg [/usr/local/gcc-4.9.4/lib/gcc/x86_64-unknown-linux-gnu/4.9.4/crtend.o] ==> ignore
    arg [/lib/../lib64/crtn.o] ==> ignore
  remove lib [gcc]
  remove lib [gcc_s]
  remove lib [gcc]
  remove lib [gcc_s]
  collapse library dir [/usr/local/gcc-4.9.4/lib/gcc/x86_64-unknown-linux-gnu/4.9.4] ==> [/usr/local/gcc-4.9.4/lib/gcc/x86_64-unknown-linux-gnu/4.9.4]
  collapse library dir [/usr/local/gcc-4.9.4/lib/gcc/x86_64-unknown-linux-gnu/4.9.4/../../../../lib64] ==> [/usr/local/gcc-4.9.4/lib64]
  collapse library dir [/lib/../lib64] ==> [/lib64]
  collapse library dir [/usr/lib/../lib64] ==> [/usr/lib64]
  collapse library dir [/usr/local/gcc-4.9.4/lib/gcc/x86_64-unknown-linux-gnu/4.9.4/../../..] ==> [/usr/local/gcc-4.9.4/lib]
  implicit libs: [c]
  implicit dirs: [/usr/local/gcc-4.9.4/lib/gcc/x86_64-unknown-linux-gnu/4.9.4;/usr/local/gcc-4.9.4/lib64;/lib64;/usr/lib64;/usr/local/gcc-4.9.4/lib]
  implicit fwks: []


Determining if files pthread.h exist passed with the following output:
Change Dir: /home/haolin/Desktop/sqlite-fall2017/build/CMakeFiles/CMakeTmp

Run Build Command:/usr/bin/gmake "cmTryCompileExec3347515866/fast"
/usr/bin/gmake -f CMakeFiles/cmTryCompileExec3347515866.dir/build.make CMakeFiles/cmTryCompileExec3347515866.dir/build
gmake[1]: Entering directory `/home/haolin/Desktop/sqlite-fall2017/build/CMakeFiles/CMakeTmp'
/usr/bin/cmake -E cmake_progress_report /home/haolin/Desktop/sqlite-fall2017/build/CMakeFiles/CMakeTmp/CMakeFiles 1
Building C object CMakeFiles/cmTryCompileExec3347515866.dir/CheckIncludeFiles.c.o
/usr/local/gcc-4.9.4/bin/gcc    -o CMakeFiles/cmTryCompileExec3347515866.dir/CheckIncludeFiles.c.o   -c /home/haolin/Desktop/sqlite-fall2017/build/CMakeFiles/CMakeTmp/CheckIncludeFiles.c
Linking C executable cmTryCompileExec3347515866
/usr/bin/cmake -E cmake_link_script CMakeFiles/cmTryCompileExec3347515866.dir/link.txt --verbose=1
/usr/local/gcc-4.9.4/bin/gcc       CMakeFiles/cmTryCompileExec3347515866.dir/CheckIncludeFiles.c.o  -o cmTryCompileExec3347515866 -rdynamic 
gmake[1]: Leaving directory `/home/haolin/Desktop/sqlite-fall2017/build/CMakeFiles/CMakeTmp'


Determining if the function pthread_create exists in the pthread passed with the following output:
Change Dir: /home/haolin/Desktop/sqlite-fall2017/build/CMakeFiles/CMakeTmp

Run Build Command:/usr/bin/gmake "cmTryCompileExec1668356068/fast"
/usr/bin/gmake -f CMakeFiles/cmTryCompileExec1668356068.dir/build.make CMakeFiles/cmTryCompileExec1668356068.dir/build
gmake[1]: Entering directory `/home/haolin/Desktop/sqlite-fall2017/build/CMakeFiles/CMakeTmp'
/usr/bin/cmake -E cmake_progress_report /home/haolin/Desktop/sqlite-fall2017/build/CMakeFiles/CMakeTmp/CMakeFiles 1
Building C object CMakeFiles/cmTryCompileExec1668356068.dir/CheckFunctionExists.c.o
/usr/local/gcc-4.9.4/bin/gcc   -DCHECK_FUNCTION_EXISTS=pthread_create   -o CMakeFiles/cmTryCompileExec1668356068.dir/CheckFunctionExists.c.o   -c /usr/share/cmake/Modules/CheckFunctionExists.c
Linking C executable cmTryCompileExec1668356068
/usr/bin/cmake -E cmake_link_script CMakeFiles/cmTryCompileExec1668356068.dir/link.txt --verbose=1
/usr/local/gcc-4.9.4/bin/gcc   -DCHECK_FUNCTION_EXISTS=pthread_create    CMakeFiles/cmTryCompileExec1668356068.dir/CheckFunctionExists.c.o  -o cmTryCompileExec1668356068 -rdynamic -lpthread 
gmake[1]: Leaving directory `/home/haolin/Desktop/sqlite-fall2017/build/CMakeFiles/CMakeTmp'


Performing C++ SOURCE FILE Test COMPILER_SUPPORTS_CXX1y succeded with the following output:
Change Dir: /home/haolin/Desktop/sqlite-fall2017/build/CMakeFiles/CMakeTmp

Run Build Command:/usr/bin/gmake "cmTryCompileExec4045247783/fast"
/usr/bin/gmake -f CMakeFiles/cmTryCompileExec4045247783.dir/build.make CMakeFiles/cmTryCompileExec4045247783.dir/build
gmake[1]: Entering directory `/home/haolin/Desktop/sqlite-fall2017/build/CMakeFiles/CMakeTmp'
/usr/bin/cmake -E cmake_progress_report /home/haolin/Desktop/sqlite-fall2017/build/CMakeFiles/CMakeTmp/CMakeFiles 1
Building CXX object CMakeFiles/cmTryCompileExec4045247783.dir/src.cxx.o
/usr/local/gcc-4.9.4/bin/c++    -DCOMPILER_SUPPORTS_CXX1y   -std=c++1y -o CMakeFiles/cmTryCompileExec4045247783.dir/src.cxx.o -c /home/haolin/Desktop/sqlite-fall2017/build/CMakeFiles/CMakeTmp/src.cxx
Linking CXX executable cmTryCompileExec4045247783
/usr/bin/cmake -E cmake_link_script CMakeFiles/cmTryCompileExec4045247783.dir/link.txt --verbose=1
/usr/local/gcc-4.9.4/bin/c++    -DCOMPILER_SUPPORTS_CXX1y    CMakeFiles/cmTryCompileExec4045247783.dir/src.cxx.o  -o cmTryCompileExec4045247783 -rdynamic 
gmake[1]: Leaving directory `/home/haolin/Desktop/sqlite-fall2017/build/CMakeFiles/CMakeTmp'

Source file was:
int main() { return 0;}
